[2026-02-02 04:48:51Z INFO HostContext] No proxy settings were found based on environmental variables (http_proxy/https_proxy/HTTP_PROXY/HTTPS_PROXY)
[2026-02-02 04:48:51Z INFO HostContext] Well known directory 'Bin': '/home/ubuntu/devops-practice/bin'
[2026-02-02 04:48:51Z INFO HostContext] Well known directory 'Root': '/home/ubuntu/devops-practice'
[2026-02-02 04:48:51Z INFO HostContext] Well known config file 'Credentials': '/home/ubuntu/devops-practice/.credentials'
[2026-02-02 04:48:51Z INFO HostContext] Well known directory 'Bin': '/home/ubuntu/devops-practice/bin'
[2026-02-02 04:48:51Z INFO HostContext] Well known directory 'Root': '/home/ubuntu/devops-practice'
[2026-02-02 04:48:51Z INFO HostContext] Well known config file 'Runner': '/home/ubuntu/devops-practice/.runner'
[2026-02-02 04:48:51Z INFO Listener] Runner is built for Linux (X64) - linux-x64.
[2026-02-02 04:48:51Z INFO Listener] RuntimeInformation: Ubuntu 24.04.3 LTS.
[2026-02-02 04:48:51Z INFO Listener] Version: 2.331.0
[2026-02-02 04:48:51Z INFO Listener] Commit: 39f6c643d3032f8795fa71f1482731ca90c8e038
[2026-02-02 04:48:51Z INFO Listener] Culture: en-US
[2026-02-02 04:48:51Z INFO Listener] UI Culture: en-US
[2026-02-02 04:48:51Z INFO HostContext] Well known directory 'Bin': '/home/ubuntu/devops-practice/bin'
[2026-02-02 04:48:51Z INFO HostContext] Well known directory 'Root': '/home/ubuntu/devops-practice'
[2026-02-02 04:48:51Z INFO Listener] Validating directory permissions for: '/home/ubuntu/devops-practice'
[2026-02-02 04:48:51Z INFO CommandLineParser] Parse
[2026-02-02 04:48:51Z INFO CommandLineParser] Parsing 1 args
[2026-02-02 04:48:51Z INFO CommandLineParser] parsing argument
[2026-02-02 04:48:51Z INFO CommandLineParser] HasArgs: False
[2026-02-02 04:48:51Z INFO CommandLineParser] Adding Command: run
[2026-02-02 04:48:51Z INFO Listener] Arguments parsed
[2026-02-02 04:48:51Z INFO Runner] ExecuteCommand
[2026-02-02 04:48:51Z INFO ConfigurationStore] currentAssemblyLocation: /home/ubuntu/devops-practice/bin/Runner.Listener.dll
[2026-02-02 04:48:51Z INFO HostContext] Well known directory 'Bin': '/home/ubuntu/devops-practice/bin'
[2026-02-02 04:48:51Z INFO ConfigurationStore] binPath: /home/ubuntu/devops-practice/bin
[2026-02-02 04:48:51Z INFO HostContext] Well known directory 'Bin': '/home/ubuntu/devops-practice/bin'
[2026-02-02 04:48:51Z INFO HostContext] Well known directory 'Root': '/home/ubuntu/devops-practice'
[2026-02-02 04:48:51Z INFO ConfigurationStore] RootFolder: /home/ubuntu/devops-practice
[2026-02-02 04:48:51Z INFO HostContext] Well known directory 'Bin': '/home/ubuntu/devops-practice/bin'
[2026-02-02 04:48:51Z INFO HostContext] Well known directory 'Root': '/home/ubuntu/devops-practice'
[2026-02-02 04:48:51Z INFO HostContext] Well known config file 'Runner': '/home/ubuntu/devops-practice/.runner'
[2026-02-02 04:48:51Z INFO ConfigurationStore] ConfigFilePath: /home/ubuntu/devops-practice/.runner
[2026-02-02 04:48:51Z INFO HostContext] Well known directory 'Bin': '/home/ubuntu/devops-practice/bin'
[2026-02-02 04:48:51Z INFO HostContext] Well known directory 'Root': '/home/ubuntu/devops-practice'
[2026-02-02 04:48:51Z INFO HostContext] Well known config file 'MigratedRunner': '/home/ubuntu/devops-practice/.runner_migrated'
[2026-02-02 04:48:51Z INFO ConfigurationStore] MigratedConfigFilePath: /home/ubuntu/devops-practice/.runner_migrated
[2026-02-02 04:48:51Z INFO HostContext] Well known directory 'Bin': '/home/ubuntu/devops-practice/bin'
[2026-02-02 04:48:51Z INFO HostContext] Well known directory 'Root': '/home/ubuntu/devops-practice'
[2026-02-02 04:48:51Z INFO HostContext] Well known config file 'Credentials': '/home/ubuntu/devops-practice/.credentials'
[2026-02-02 04:48:51Z INFO ConfigurationStore] CredFilePath: /home/ubuntu/devops-practice/.credentials
[2026-02-02 04:48:51Z INFO HostContext] Well known directory 'Bin': '/home/ubuntu/devops-practice/bin'
[2026-02-02 04:48:51Z INFO HostContext] Well known directory 'Root': '/home/ubuntu/devops-practice'
[2026-02-02 04:48:51Z INFO HostContext] Well known config file 'MigratedCredentials': '/home/ubuntu/devops-practice/.credentials_migrated'
[2026-02-02 04:48:51Z INFO ConfigurationStore] MigratedCredFilePath: /home/ubuntu/devops-practice/.credentials_migrated
[2026-02-02 04:48:51Z INFO HostContext] Well known directory 'Bin': '/home/ubuntu/devops-practice/bin'
[2026-02-02 04:48:51Z INFO HostContext] Well known directory 'Root': '/home/ubuntu/devops-practice'
[2026-02-02 04:48:51Z INFO HostContext] Well known config file 'Service': '/home/ubuntu/devops-practice/.service'
[2026-02-02 04:48:51Z INFO ConfigurationStore] ServiceConfigFilePath: /home/ubuntu/devops-practice/.service
[2026-02-02 04:48:51Z INFO CommandSettings] Flag 'help': 'False'
[2026-02-02 04:48:51Z INFO CommandSettings] Flag 'version': 'False'
[2026-02-02 04:48:51Z INFO CommandSettings] Flag 'commit': 'False'
[2026-02-02 04:48:51Z INFO CommandSettings] Flag 'check': 'False'
[2026-02-02 04:48:51Z INFO CommandSettings] Command 'configure': 'False'
[2026-02-02 04:48:51Z INFO CommandSettings] Command 'remove': 'False'
[2026-02-02 04:48:51Z INFO CommandSettings] Command 'warmup': 'False'
[2026-02-02 04:48:51Z INFO ConfigurationManager] LoadSettings
[2026-02-02 04:48:51Z INFO ConfigurationStore] IsConfigured()
[2026-02-02 04:48:51Z INFO ConfigurationStore] IsConfigured: True
[2026-02-02 04:48:51Z INFO ConfigurationManager] Is configured: True
[2026-02-02 04:48:51Z INFO ConfigurationStore] Read setting file: 395 chars
[2026-02-02 04:48:51Z INFO ConfigurationManager] Settings Loaded
[2026-02-02 04:48:51Z INFO ConfigurationStore] IsServiceConfigured()
[2026-02-02 04:48:51Z INFO ConfigurationStore] IsServiceConfigured: False
[2026-02-02 04:48:51Z INFO CommandSettings] Command 'run': 'True'
[2026-02-02 04:48:51Z INFO ConfigurationStore] IsConfigured()
[2026-02-02 04:48:51Z INFO ConfigurationStore] IsConfigured: True
[2026-02-02 04:48:51Z INFO ConfigurationManager] Is configured: True
[2026-02-02 04:48:51Z INFO Runner] Could not parse the argument value '' for StartupType. Defaulting to Manual
[2026-02-02 04:48:51Z INFO Runner] Set runner startup type - Manual
[2026-02-02 04:48:51Z INFO CommandSettings] Flag 'once': 'False'
[2026-02-02 04:48:51Z INFO CommandSettings] Flag 'once': 'False'
[2026-02-02 04:48:51Z INFO Runner] RunAsync
[2026-02-02 04:48:51Z INFO ConfigurationManager] LoadMigratedSettings
[2026-02-02 04:48:51Z INFO ConfigurationStore] IsMigratedConfigured()
[2026-02-02 04:48:51Z INFO ConfigurationStore] IsMigratedConfigured: False
[2026-02-02 04:48:51Z INFO Runner] Failed to load migrated settings: No migrated configuration found.
[2026-02-02 04:48:51Z INFO Runner] Falling back to original .runner settings
[2026-02-02 04:48:51Z INFO Runner] Using BrokerMessageListener
[2026-02-02 04:48:51Z INFO BrokerMessageListener] Using provided settings
[2026-02-02 04:48:51Z INFO BrokerMessageListener] {
  "AgentId": 23,
  "AgentName": "sever",
  "PoolId": 1,
  "PoolName": "Default",
  "ServerUrl": "https://pipelinesghubeus4.actions.githubusercontent.com/Gk9iXAxsZivv0rFjvuJ1oPomzqh9gGPoX8hOLpQ5Y9oTzAXF9J/",
  "GitHubUrl": "https://github.com/sangkhung1011-dotcom/devops-practice",
  "WorkFolder": "_work",
  "UseV2Flow": true,
  "ServerUrlV2": "https://broker.actions.githubusercontent.com/"
}
[2026-02-02 04:48:51Z INFO BrokerMessageListener] Loading Credentials
[2026-02-02 04:48:51Z INFO ConfigurationStore] HasCredentials()
[2026-02-02 04:48:51Z INFO ConfigurationStore] stored True
[2026-02-02 04:48:51Z INFO CredentialManager] GetCredentialProvider
[2026-02-02 04:48:51Z INFO CredentialManager] Creating type OAuth
[2026-02-02 04:48:51Z INFO CredentialManager] Creating credential type: OAuth
[2026-02-02 04:48:51Z INFO HostContext] Well known directory 'Bin': '/home/ubuntu/devops-practice/bin'
[2026-02-02 04:48:51Z INFO HostContext] Well known directory 'Root': '/home/ubuntu/devops-practice'
[2026-02-02 04:48:51Z INFO HostContext] Well known config file 'RSACredentials': '/home/ubuntu/devops-practice/.credentials_rsaparams'
[2026-02-02 04:48:51Z INFO RSAFileKeyManager] Loading RSA key parameters from file /home/ubuntu/devops-practice/.credentials_rsaparams
[2026-02-02 04:48:51Z INFO BrokerMessageListener] Attempt to create session.
[2026-02-02 04:48:51Z INFO BrokerMessageListener] Connecting to the Broker Server...
[2026-02-02 04:48:51Z INFO ConfigurationStore] HasCredentials()
[2026-02-02 04:48:51Z INFO ConfigurationStore] stored True
[2026-02-02 04:48:51Z INFO CredentialManager] GetCredentialProvider
[2026-02-02 04:48:51Z INFO CredentialManager] Creating type OAuth
[2026-02-02 04:48:51Z INFO CredentialManager] Creating credential type: OAuth
[2026-02-02 04:48:51Z INFO RSAFileKeyManager] Loading RSA key parameters from file /home/ubuntu/devops-practice/.credentials_rsaparams
[2026-02-02 04:48:51Z INFO BrokerMessageListener] VssConnection created
[2026-02-02 04:48:51Z INFO BrokerMessageListener] Connecting to the Runner server...
[2026-02-02 04:48:51Z INFO RunnerServer] EstablishVssConnection
[2026-02-02 04:48:51Z INFO RunnerServer] Establish connection with 100 seconds timeout.
[2026-02-02 04:48:51Z INFO GitHubActionsService] Starting operation Location.GetConnectionData
[2026-02-02 04:48:51Z INFO RunnerServer] EstablishVssConnection
[2026-02-02 04:48:51Z INFO RunnerServer] Establish connection with 60 seconds timeout.
[2026-02-02 04:48:51Z INFO GitHubActionsService] Starting operation Location.GetConnectionData
[2026-02-02 04:48:51Z INFO RunnerServer] EstablishVssConnection
[2026-02-02 04:48:51Z INFO RunnerServer] Establish connection with 60 seconds timeout.
[2026-02-02 04:48:51Z INFO GitHubActionsService] Starting operation Location.GetConnectionData
[2026-02-02 04:48:52Z INFO GitHubActionsService] Finished operation Location.GetConnectionData
[2026-02-02 04:48:52Z INFO GitHubActionsService] Finished operation Location.GetConnectionData
[2026-02-02 04:48:52Z INFO GitHubActionsService] Finished operation Location.GetConnectionData
[2026-02-02 04:48:52Z INFO BrokerMessageListener] VssConnection created
[2026-02-02 04:48:52Z INFO Terminal] WRITE LINE: 
[2026-02-02 04:48:52Z INFO Terminal] WRITE LINE: 
[2026-02-02 04:48:52Z INFO RSAFileKeyManager] Loading RSA key parameters from file /home/ubuntu/devops-practice/.credentials_rsaparams
[2026-02-02 04:48:52Z INFO RSAFileKeyManager] Loading RSA key parameters from file /home/ubuntu/devops-practice/.credentials_rsaparams
[2026-02-02 04:48:54Z INFO GitHubActionsService] AAD Correlation ID for this token request: Unknown
[2026-02-02 04:48:55Z INFO BrokerMessageListener] Session created.
[2026-02-02 04:48:55Z INFO Terminal] WRITE LINE: Current runner version: '2.331.0'
[2026-02-02 04:48:55Z INFO Terminal] WRITE LINE: 2026-02-02 04:48:55Z: Listening for Jobs
[2026-02-02 04:48:55Z INFO JobDispatcher] Set runner/worker IPC timeout to 30 seconds.
[2026-02-02 04:51:30Z INFO BrokerMessageListener] Acknowledging runner request 'a8f9dc5d-e77a-585d-b49d-f198632ef83d'.
[2026-02-02 04:51:31Z INFO ConfigurationStore] HasCredentials()
[2026-02-02 04:51:31Z INFO ConfigurationStore] stored True
[2026-02-02 04:51:31Z INFO CredentialManager] GetCredentialProvider
[2026-02-02 04:51:31Z INFO CredentialManager] Creating type OAuth
[2026-02-02 04:51:31Z INFO CredentialManager] Creating credential type: OAuth
[2026-02-02 04:51:31Z INFO RSAFileKeyManager] Loading RSA key parameters from file /home/ubuntu/devops-practice/.credentials_rsaparams
[2026-02-02 04:51:31Z INFO RSAFileKeyManager] Loading RSA key parameters from file /home/ubuntu/devops-practice/.credentials_rsaparams
[2026-02-02 04:51:31Z INFO RSAFileKeyManager] Loading RSA key parameters from file /home/ubuntu/devops-practice/.credentials_rsaparams
[2026-02-02 04:51:32Z INFO GitHubActionsService] AAD Correlation ID for this token request: Unknown
[2026-02-02 04:51:34Z INFO JobDispatcher] Job request 0 for plan 9e481fdc-3f60-4584-8f7e-f8ba33531f7c job a8f9dc5d-e77a-585d-b49d-f198632ef83d received.
[2026-02-02 04:51:34Z INFO JobDispatcher] Pull OrchestrationId 9e481fdc-3f60-4584-8f7e-f8ba33531f7c.deploy.__default from JWT claims
[2026-02-02 04:51:34Z INFO BrokerMessageListener] Received job status event. JobState: Busy
[2026-02-02 04:51:34Z INFO BrokerMessageListener] _getMessagesTokenSource is already disposed.
[2026-02-02 04:51:34Z INFO Terminal] WRITE LINE: 2026-02-02 04:51:34Z: Running job: deploy
[2026-02-02 04:51:34Z INFO JobDispatcher] Start renew job request 0 for job a8f9dc5d-e77a-585d-b49d-f198632ef83d.
[2026-02-02 04:51:35Z INFO JobDispatcher] Successfully renew job a8f9dc5d-e77a-585d-b49d-f198632ef83d, job is valid till 2/2/2026 5:01:35 AM
[2026-02-02 04:51:35Z INFO HostContext] Well known directory 'Bin': '/home/ubuntu/devops-practice/bin'
[2026-02-02 04:51:35Z INFO ProcessInvokerWrapper] Starting process:
[2026-02-02 04:51:35Z INFO ProcessInvokerWrapper]   File name: '/home/ubuntu/devops-practice/bin/Runner.Worker'
[2026-02-02 04:51:35Z INFO ProcessInvokerWrapper]   Arguments: 'spawnclient 151 154'
[2026-02-02 04:51:35Z INFO ProcessInvokerWrapper]   Working directory: '/home/ubuntu/devops-practice/bin'
[2026-02-02 04:51:35Z INFO ProcessInvokerWrapper]   Require exit code zero: 'False'
[2026-02-02 04:51:35Z INFO ProcessInvokerWrapper]   Encoding web name:  ; code page: ''
[2026-02-02 04:51:35Z INFO ProcessInvokerWrapper]   Force kill process on cancellation: 'True'
[2026-02-02 04:51:35Z INFO ProcessInvokerWrapper]   Redirected STDIN: 'False'
[2026-02-02 04:51:35Z INFO ProcessInvokerWrapper]   Persist current code page: 'False'
[2026-02-02 04:51:35Z INFO ProcessInvokerWrapper]   Keep redirected STDIN open: 'False'
[2026-02-02 04:51:35Z INFO ProcessInvokerWrapper]   High priority process: 'True'
[2026-02-02 04:51:35Z INFO ProcessInvokerWrapper] Process started with process id 40920, waiting for process exit.
[2026-02-02 04:51:35Z INFO JobDispatcher] Send job request message to worker for job a8f9dc5d-e77a-585d-b49d-f198632ef83d.
[2026-02-02 04:51:35Z INFO ProcessChannel] Sending message of length 19151, with hash '2e527f36bbc9b74d376a9984930d4956a85205f274861e1e25c120e77e0deefc'
[2026-02-02 04:51:35Z INFO JobNotification] Entering JobStarted Notification
[2026-02-02 04:51:35Z INFO JobNotification] Entering StartMonitor
[2026-02-02 04:52:06Z INFO ProcessInvokerWrapper] STDOUT/STDERR stream read finished.
[2026-02-02 04:52:06Z INFO ProcessInvokerWrapper] STDOUT/STDERR stream read finished.
[2026-02-02 04:52:06Z INFO ProcessInvokerWrapper] Finished process 40920 with exit code 100, and elapsed time 00:00:30.7379772.
[2026-02-02 04:52:06Z INFO JobDispatcher] Worker finished for job a8f9dc5d-e77a-585d-b49d-f198632ef83d. Code: 100
[2026-02-02 04:52:06Z INFO JobDispatcher] finish job request for job a8f9dc5d-e77a-585d-b49d-f198632ef83d with result: Succeeded
[2026-02-02 04:52:06Z INFO Terminal] WRITE LINE: 2026-02-02 04:52:06Z: Job deploy completed with result: Succeeded
[2026-02-02 04:52:06Z INFO JobDispatcher] Stop renew job request for job a8f9dc5d-e77a-585d-b49d-f198632ef83d.
[2026-02-02 04:52:06Z INFO JobDispatcher] job renew has been cancelled, stop renew job a8f9dc5d-e77a-585d-b49d-f198632ef83d.
[2026-02-02 04:52:06Z INFO JobNotification] Entering JobCompleted Notification
[2026-02-02 04:52:06Z INFO JobNotification] Entering EndMonitor
[2026-02-02 04:52:06Z INFO BrokerMessageListener] Received job status event. JobState: Online
[2026-02-02 04:52:06Z WARN GitHubActionsService] GET request to https://broker.actions.githubusercontent.com/message?sessionId=bef2fad2-6c76-48f7-99a2-289b489d5bab&status=Busy&runnerVersion=2.331.0&os=Linux&architecture=X64&disableUpdate=false has been cancelled.
[2026-02-02 04:52:06Z ERR  BrokerServer] Catch exception during request
[2026-02-02 04:52:06Z ERR  BrokerServer] System.Threading.Tasks.TaskCanceledException: The operation was canceled.
 ---> System.Threading.Tasks.TaskCanceledException: The operation was canceled.
 ---> System.IO.IOException: Unable to read data from the transport connection: Operation canceled.
 ---> System.Net.Sockets.SocketException (125): Operation canceled
   --- End of inner exception stack trace ---
   at System.Net.Sockets.Socket.AwaitableSocketAsyncEventArgs.ThrowException(SocketError error, CancellationToken cancellationToken)
   at System.Net.Sockets.Socket.AwaitableSocketAsyncEventArgs.System.Threading.Tasks.Sources.IValueTaskSource<System.Int32>.GetResult(Int16 token)
   at System.Net.Security.SslStream.EnsureFullTlsFrameAsync[TIOAdapter](CancellationToken cancellationToken, Int32 estimatedSize)
   at System.Runtime.CompilerServices.PoolingAsyncValueTaskMethodBuilder`1.StateMachineBox`1.System.Threading.Tasks.Sources.IValueTaskSource<TResult>.GetResult(Int16 token)
   at System.Net.Security.SslStream.ReadAsyncInternal[TIOAdapter](Memory`1 buffer, CancellationToken cancellationToken)
   at System.Runtime.CompilerServices.PoolingAsyncValueTaskMethodBuilder`1.StateMachineBox`1.System.Threading.Tasks.Sources.IValueTaskSource<TResult>.GetResult(Int16 token)
   at System.Net.Http.HttpConnection.SendAsync(HttpRequestMessage request, Boolean async, CancellationToken cancellationToken)
   --- End of inner exception stack trace ---
   at System.Net.Http.HttpConnection.SendAsync(HttpRequestMessage request, Boolean async, CancellationToken cancellationToken)
   at System.Net.Http.AuthenticationHelper.SendWithNtAuthAsync(HttpRequestMessage request, Uri authUri, Boolean async, ICredentials credentials, Boolean isProxyAuth, HttpConnection connection, HttpConnectionPool connectionPool, CancellationToken cancellationToken)
   at System.Net.Http.HttpConnectionPool.SendWithVersionDetectionAndRetryAsync(HttpRequestMessage request, Boolean async, Boolean doRequestAuth, CancellationToken cancellationToken)
   at System.Net.Http.AuthenticationHelper.SendWithAuthAsync(HttpRequestMessage request, Uri authUri, Boolean async, ICredentials credentials, Boolean preAuthenticate, Boolean isProxyAuth, Boolean doRequestAuth, HttpConnectionPool pool, CancellationToken cancellationToken)
   at System.Net.Http.RedirectHandler.SendAsync(HttpRequestMessage request, Boolean async, CancellationToken cancellationToken)
   at GitHub.Services.Common.RawHttpMessageHandler.SendAsync(HttpRequestMessage request, CancellationToken cancellationToken)
   at GitHub.Services.Common.VssHttpRetryMessageHandler.SendAsync(HttpRequestMessage request, CancellationToken cancellationToken)
   at System.Net.Http.HttpClient.<SendAsync>g__Core|83_0(HttpRequestMessage request, HttpCompletionOption completionOption, CancellationTokenSource cts, Boolean disposeCts, CancellationTokenSource pendingRequestsCts, CancellationToken originalCancellationToken)
   --- End of inner exception stack trace ---
   at System.Net.Http.HttpClient.HandleFailure(Exception e, Boolean telemetryStarted, HttpResponseMessage response, CancellationTokenSource cts, CancellationToken cancellationToken, CancellationTokenSource pendingRequestsCts)
   at System.Net.Http.HttpClient.<SendAsync>g__Core|83_0(HttpRequestMessage request, HttpCompletionOption completionOption, CancellationTokenSource cts, Boolean disposeCts, CancellationTokenSource pendingRequestsCts, CancellationToken originalCancellationToken)
   at Sdk.WebApi.WebApi.RawHttpClientBase.SendAsync(HttpRequestMessage message, HttpCompletionOption completionOption, Object userState, CancellationToken cancellationToken)
   at Sdk.WebApi.WebApi.RawHttpClientBase.SendAsync[T](HttpRequestMessage message, Boolean readErrorBody, Object userState, CancellationToken cancellationToken)
   at Sdk.WebApi.WebApi.RawHttpClientBase.SendAsync[T](HttpMethod method, IEnumerable`1 additionalHeaders, Uri requestUri, HttpContent content, IEnumerable`1 queryParameters, Boolean readErrorBody, Object userState, CancellationToken cancellationToken)
   at GitHub.Actions.RunService.WebApi.BrokerHttpClient.GetRunnerMessageAsync(Nullable`1 sessionId, String runnerVersion, Nullable`1 status, String os, String architecture, Nullable`1 disableUpdate, CancellationToken cancellationToken)
   at GitHub.Runner.Common.BrokerServer.<>c__DisplayClass7_0.<<GetRunnerMessageAsync>b__0>d.MoveNext()
--- End of stack trace from previous location ---
   at GitHub.Runner.Common.RunnerService.RetryRequest[T](Func`1 func, CancellationToken cancellationToken, Int32 maxAttempts, Func`2 shouldRetry)
[2026-02-02 04:52:06Z ERR  BrokerServer] #####################################################
[2026-02-02 04:52:06Z ERR  BrokerServer] System.Threading.Tasks.TaskCanceledException: The operation was canceled.
 ---> System.IO.IOException: Unable to read data from the transport connection: Operation canceled.
 ---> System.Net.Sockets.SocketException (125): Operation canceled
   --- End of inner exception stack trace ---
   at System.Net.Sockets.Socket.AwaitableSocketAsyncEventArgs.ThrowException(SocketError error, CancellationToken cancellationToken)
   at System.Net.Sockets.Socket.AwaitableSocketAsyncEventArgs.System.Threading.Tasks.Sources.IValueTaskSource<System.Int32>.GetResult(Int16 token)
   at System.Net.Security.SslStream.EnsureFullTlsFrameAsync[TIOAdapter](CancellationToken cancellationToken, Int32 estimatedSize)
   at System.Runtime.CompilerServices.PoolingAsyncValueTaskMethodBuilder`1.StateMachineBox`1.System.Threading.Tasks.Sources.IValueTaskSource<TResult>.GetResult(Int16 token)
   at System.Net.Security.SslStream.ReadAsyncInternal[TIOAdapter](Memory`1 buffer, CancellationToken cancellationToken)
   at System.Runtime.CompilerServices.PoolingAsyncValueTaskMethodBuilder`1.StateMachineBox`1.System.Threading.Tasks.Sources.IValueTaskSource<TResult>.GetResult(Int16 token)
   at System.Net.Http.HttpConnection.SendAsync(HttpRequestMessage request, Boolean async, CancellationToken cancellationToken)
   --- End of inner exception stack trace ---
   at System.Net.Http.HttpConnection.SendAsync(HttpRequestMessage request, Boolean async, CancellationToken cancellationToken)
   at System.Net.Http.AuthenticationHelper.SendWithNtAuthAsync(HttpRequestMessage request, Uri authUri, Boolean async, ICredentials credentials, Boolean isProxyAuth, HttpConnection connection, HttpConnectionPool connectionPool, CancellationToken cancellationToken)
   at System.Net.Http.HttpConnectionPool.SendWithVersionDetectionAndRetryAsync(HttpRequestMessage request, Boolean async, Boolean doRequestAuth, CancellationToken cancellationToken)
   at System.Net.Http.AuthenticationHelper.SendWithAuthAsync(HttpRequestMessage request, Uri authUri, Boolean async, ICredentials credentials, Boolean preAuthenticate, Boolean isProxyAuth, Boolean doRequestAuth, HttpConnectionPool pool, CancellationToken cancellationToken)
   at System.Net.Http.RedirectHandler.SendAsync(HttpRequestMessage request, Boolean async, CancellationToken cancellationToken)
   at GitHub.Services.Common.RawHttpMessageHandler.SendAsync(HttpRequestMessage request, CancellationToken cancellationToken)
   at GitHub.Services.Common.VssHttpRetryMessageHandler.SendAsync(HttpRequestMessage request, CancellationToken cancellationToken)
   at System.Net.Http.HttpClient.<SendAsync>g__Core|83_0(HttpRequestMessage request, HttpCompletionOption completionOption, CancellationTokenSource cts, Boolean disposeCts, CancellationTokenSource pendingRequestsCts, CancellationToken originalCancellationToken)
[2026-02-02 04:52:06Z ERR  BrokerServer] #####################################################
[2026-02-02 04:52:06Z ERR  BrokerServer] System.IO.IOException: Unable to read data from the transport connection: Operation canceled.
 ---> System.Net.Sockets.SocketException (125): Operation canceled
   --- End of inner exception stack trace ---
   at System.Net.Sockets.Socket.AwaitableSocketAsyncEventArgs.ThrowException(SocketError error, CancellationToken cancellationToken)
   at System.Net.Sockets.Socket.AwaitableSocketAsyncEventArgs.System.Threading.Tasks.Sources.IValueTaskSource<System.Int32>.GetResult(Int16 token)
   at System.Net.Security.SslStream.EnsureFullTlsFrameAsync[TIOAdapter](CancellationToken cancellationToken, Int32 estimatedSize)
   at System.Runtime.CompilerServices.PoolingAsyncValueTaskMethodBuilder`1.StateMachineBox`1.System.Threading.Tasks.Sources.IValueTaskSource<TResult>.GetResult(Int16 token)
   at System.Net.Security.SslStream.ReadAsyncInternal[TIOAdapter](Memory`1 buffer, CancellationToken cancellationToken)
   at System.Runtime.CompilerServices.PoolingAsyncValueTaskMethodBuilder`1.StateMachineBox`1.System.Threading.Tasks.Sources.IValueTaskSource<TResult>.GetResult(Int16 token)
   at System.Net.Http.HttpConnection.SendAsync(HttpRequestMessage request, Boolean async, CancellationToken cancellationToken)
[2026-02-02 04:52:06Z ERR  BrokerServer] #####################################################
[2026-02-02 04:52:06Z ERR  BrokerServer] System.Net.Sockets.SocketException (125): Operation canceled
[2026-02-02 04:52:06Z WARN BrokerServer] Back off 7.313 seconds before next retry. 4 attempt left.
[2026-02-02 04:52:06Z INFO BrokerMessageListener] Get messages has been cancelled using local token source. Continue to get messages with new status.
